<?xml version="1.0" encoding="UTF-8"?>
<!-- Generated by org.testng.reporters.JUnitXMLReporter -->
<testsuite ignored="0" hostname="DESKTOP-1OTRTVE" failures="0" tests="8" name="Test" time="69.52" errors="0" timestamp="2025-08-11T09:59:16 IST">
  <testcase classname="ActiveJobsHomePageTestCases.FindButtonTest" name="FindData" time="0.326"/>
  <testcase classname="ActiveJobsHomePageTestCases.ForgotCancelButtonTest" name="ForgotPage" time="3.303"/>
  <testcase classname="ActiveJobsHomePageTestCases.ForgotTest" name="ForgotPage" time="10.399"/>
  <testcase classname="ActiveJobsHomePageTestCases.SearchTextFieldTest" name="SearchJob" time="0.523"/>
  <testcase classname="ActiveJobsHomePageTestCases.ViewButtonTest" name="testViewAndApplyButton" time="3.221"/>
  <testcase classname="ActiveJobsHomePageTestCases.ViewSimilarJobsButtonTest" name="ViewSimilarJobButton" time="0.558"/>
  <testcase classname="ActiveJobsHomePageTestCases.ViewSimilarJobViewButtonTest" name="ViewJobsButton" time="4.848"/>
  <testcase classname="ActiveJobsHomePageTestCases.WTwoCheckboxTest" name="Checkbox" time="0.843"/>
</testsuite> <!-- Test -->
