<?xml version="1.0" encoding="UTF-8"?>
<testng-results ignored="0" total="1" passed="1" failed="0" skipped="0">
  <reporter-output>
  </reporter-output>
  <suite started-at="2025-07-18T10:14:21 IST" name="Default suite" finished-at="2025-07-18T10:15:00 IST" duration-ms="39366">
    <groups>
    </groups>
    <test started-at="2025-07-18T10:14:21 IST" name="Default test" finished-at="2025-07-18T10:15:00 IST" duration-ms="39366">
      <class name="ActiveJobsHomePage.HomePageOpen">
        <test-method is-config="true" signature="setUp()[pri:0, instance:ActiveJobsHomePage.HomePageOpen@441772e]" started-at="2025-07-18T10:14:21 IST" name="setUp" finished-at="2025-07-18T10:14:59 IST" duration-ms="38944" status="PASS">
          <reporter-output>
          </reporter-output>
        </test-method> <!-- setUp -->
        <test-method signature="PageOpen()[pri:0, instance:ActiveJobsHomePage.HomePageOpen@441772e]" started-at="2025-07-18T10:15:00 IST" name="PageOpen" finished-at="2025-07-18T10:15:00 IST" duration-ms="100" status="PASS">
          <reporter-output>
          </reporter-output>
        </test-method> <!-- PageOpen -->
        <test-method is-config="true" signature="TearDown()[pri:0, instance:ActiveJobsHomePage.HomePageOpen@441772e]" started-at="2025-07-18T10:15:00 IST" name="TearDown" finished-at="2025-07-18T10:15:00 IST" duration-ms="256" status="PASS">
          <reporter-output>
          </reporter-output>
        </test-method> <!-- TearDown -->
      </class> <!-- ActiveJobsHomePage.HomePageOpen -->
    </test> <!-- Default test -->
  </suite> <!-- Default suite -->
</testng-results>
