<?xml version="1.0" encoding="UTF-8"?>
<testng-results ignored="0" total="1" passed="1" failed="0" skipped="0">
  <reporter-output>
  </reporter-output>
  <suite started-at="2025-08-11T09:56:57 IST" name="Default suite" finished-at="2025-08-11T09:57:04 IST" duration-ms="7566">
    <groups>
    </groups>
    <test started-at="2025-08-11T09:56:57 IST" name="Default test" finished-at="2025-08-11T09:57:04 IST" duration-ms="7566">
      <class name="ActiveJobsHomePageTestCases.WTwoCheckboxTest">
        <test-method is-config="true" signature="SetUp()[pri:0, instance:ActiveJobsHomePageTestCases.WTwoCheckboxTest@44ebcd03]" started-at="2025-08-11T09:56:57 IST" name="SetUp" finished-at="2025-08-11T09:57:03 IST" duration-ms="6588" status="PASS">
          <reporter-output>
          </reporter-output>
        </test-method> <!-- SetUp -->
        <test-method signature="Checkbox()[pri:1, instance:ActiveJobsHomePageTestCases.WTwoCheckboxTest@44ebcd03]" started-at="2025-08-11T09:57:03 IST" name="Checkbox" finished-at="2025-08-11T09:57:04 IST" duration-ms="735" status="PASS">
          <reporter-output>
          </reporter-output>
        </test-method> <!-- Checkbox -->
        <test-method is-config="true" signature="TearDown()[pri:0, instance:ActiveJobsHomePageTestCases.WTwoCheckboxTest@44ebcd03]" started-at="2025-08-11T09:57:04 IST" name="TearDown" finished-at="2025-08-11T09:57:04 IST" duration-ms="180" status="PASS">
          <reporter-output>
          </reporter-output>
        </test-method> <!-- TearDown -->
      </class> <!-- ActiveJobsHomePageTestCases.WTwoCheckboxTest -->
    </test> <!-- Default test -->
  </suite> <!-- Default suite -->
</testng-results>
